<?xml version="1.0" encoding="UTF-8"?>
<!-- Generated by org.testng.reporters.JUnitXMLReporter -->
<testsuite hostname="DELL" ignored="4" name="Test" tests="1" failures="1" timestamp="05 Nov 2017 09:49:11 GMT" time="19.925" errors="0">
  <testcase name="tc_02" time="3.463" classname="com.w2a.architectbatch1.testCases.TestCase1">
    <failure type="java.lang.NullPointerException">
      <![CDATA[java.lang.NullPointerException
	at org.openqa.selenium.support.ui.FluentWait.until(FluentWait.java:238)
	at com.w2a.architectbatch1.Pages.BasePage.waitForPageToLoad(BasePage.java:50)
	at com.w2a.architectbatch1.Pages.BasePage.openPage(BasePage.java:39)
	at com.w2a.architectbatch1.Pages.FacebookLandingPage.doLoginWithValidCredentials(FacebookLandingPage.java:36)
	at com.w2a.architectbatch1.testCases.TestCase1.tc_02(TestCase1.java:38)
	at java.util.concurrent.ThreadPoolExecutor.runWorker(Unknown Source)
	at java.util.concurrent.ThreadPoolExecutor$Worker.run(Unknown Source)
	at java.lang.Thread.run(Unknown Source)
... Removed 10 stack frames]]>
    </failure>
  </testcase> <!-- tc_02 -->
  <testcase name="@BeforeSuite setUp" time="0.0" classname="com.w2a.architectbatch1.baseSetup.TestSetUp">
    <ignored/>
  </testcase> <!-- @BeforeSuite setUp -->
  <testcase name="@BeforeTest beforeTest" time="0.0" classname="com.w2a.architectbatch1.baseSetup.TestSetUp">
    <ignored/>
  </testcase> <!-- @BeforeTest beforeTest -->
  <testcase name="@AfterTest afterTest" time="0.0" classname="com.w2a.architectbatch1.baseSetup.TestSetUp">
    <ignored/>
  </testcase> <!-- @AfterTest afterTest -->
  <testcase name="@AfterSuite tearDown" time="0.0" classname="com.w2a.architectbatch1.baseSetup.TestSetUp">
    <ignored/>
  </testcase> <!-- @AfterSuite tearDown -->
</testsuite> <!-- Test -->
