<?xml version="1.0" encoding="UTF-8"?>
<!-- Generated by org.testng.reporters.JUnitXMLReporter -->
<testsuite hostname="DELL" ignored="0" name="Test" tests="1" failures="1" timestamp="11 Nov 2017 07:07:39 GMT" time="21.426" errors="0">
  <testcase name="tc_02" time="4.121" classname="com.w2a.architectbatch1.testCases.TestCase1">
    <failure type="java.lang.NullPointerException">
      <![CDATA[java.lang.NullPointerException
	at org.openqa.selenium.support.ui.FluentWait.until(FluentWait.java:238)
	at com.w2a.architectbatch1.Pages.BasePage.waitForPageLoad(BasePage.java:39)
	at com.w2a.architectbatch1.Pages.BasePage.openPage(BasePage.java:27)
	at com.w2a.architectbatch1.Pages.facebookLandingPage.doLoginWithValidCredentials(facebookLandingPage.java:32)
	at com.w2a.architectbatch1.testCases.TestCase1.tc_02(TestCase1.java:38)
	at java.util.concurrent.ThreadPoolExecutor.runWorker(Unknown Source)
	at java.util.concurrent.ThreadPoolExecutor$Worker.run(Unknown Source)
	at java.lang.Thread.run(Unknown Source)
... Removed 10 stack frames]]>
    </failure>
  </testcase> <!-- tc_02 -->
</testsuite> <!-- Test -->
