<?xml version="1.0" encoding="UTF-8"?>
<testng-results skipped="0" failed="0" ignored="4" total="7" passed="3">
  <reporter-output>
  </reporter-output>
  <suite name="Suite" duration-ms="44186" started-at="2017-10-29T07:45:45Z" finished-at="2017-10-29T07:46:29Z">
    <groups>
    </groups>
    <test name="Test" duration-ms="44186" started-at="2017-10-29T07:45:45Z" finished-at="2017-10-29T07:46:29Z">
      <class name="com.w2a.architectbatch1.testCases.TestCase1">
        <test-method status="PASS" signature="setUp()[pri:0, instance:com.w2a.architectbatch1.testCases.TestCase1@2362f559]" name="setUp" is-config="true" duration-ms="415" started-at="2017-10-29T13:15:45Z" finished-at="2017-10-29T13:15:45Z">
          <reporter-output>
          </reporter-output>
        </test-method> <!-- setUp -->
        <test-method status="PASS" signature="beforeTest()[pri:0, instance:com.w2a.architectbatch1.testCases.TestCase1@2362f559]" name="beforeTest" is-config="true" duration-ms="0" started-at="2017-10-29T13:15:45Z" finished-at="2017-10-29T13:15:45Z">
          <reporter-output>
          </reporter-output>
        </test-method> <!-- beforeTest -->
        <test-method status="PASS" signature="beforeClass()[pri:0, instance:com.w2a.architectbatch1.testCases.TestCase1@2362f559]" name="beforeClass" is-config="true" duration-ms="6" started-at="2017-10-29T13:15:45Z" finished-at="2017-10-29T13:15:45Z">
          <reporter-output>
          </reporter-output>
        </test-method> <!-- beforeClass -->
        <test-method status="PASS" signature="beforeMethod(java.lang.reflect.Method)[pri:0, instance:com.w2a.architectbatch1.testCases.TestCase1@2362f559]" name="beforeMethod" is-config="true" duration-ms="9247" started-at="2017-10-29T13:15:45Z" finished-at="2017-10-29T13:15:54Z">
          <params>
            <param index="0">
              <value>
                <![CDATA[public void com.w2a.architectbatch1.testCases.TestCase1.tc_01()]]>
              </value>
            </param>
          </params>
          <reporter-output>
          </reporter-output>
        </test-method> <!-- beforeMethod -->
        <test-method status="PASS" signature="tc_01()[pri:0, instance:com.w2a.architectbatch1.testCases.TestCase1@2362f559]" name="tc_01" duration-ms="9990" started-at="2017-10-29T13:15:54Z" finished-at="2017-10-29T13:16:04Z">
          <reporter-output>
          </reporter-output>
        </test-method> <!-- tc_01 -->
        <test-method status="PASS" signature="afterMethod(org.testng.ITestResult)[pri:0, instance:com.w2a.architectbatch1.testCases.TestCase1@2362f559]" name="afterMethod" is-config="true" duration-ms="5026" started-at="2017-10-29T13:16:04Z" finished-at="2017-10-29T13:16:09Z">
          <params>
            <param index="0">
              <value>
                <![CDATA[[TestResult name=tc_01 status=SUCCESS method=TestCase1.tc_01()[pri:0, instance:com.w2a.architectbatch1.testCases.TestCase1@2362f559] output={null}]]]>
              </value>
            </param>
          </params>
          <reporter-output>
          </reporter-output>
        </test-method> <!-- afterMethod -->
        <test-method status="PASS" signature="beforeMethod(java.lang.reflect.Method)[pri:0, instance:com.w2a.architectbatch1.testCases.TestCase1@2362f559]" name="beforeMethod" is-config="true" duration-ms="7261" started-at="2017-10-29T13:16:09Z" finished-at="2017-10-29T13:16:17Z">
          <params>
            <param index="0">
              <value>
                <![CDATA[public void com.w2a.architectbatch1.testCases.TestCase1.tc_02()]]>
              </value>
            </param>
          </params>
          <reporter-output>
          </reporter-output>
        </test-method> <!-- beforeMethod -->
        <test-method status="PASS" signature="tc_02()[pri:0, instance:com.w2a.architectbatch1.testCases.TestCase1@2362f559]" name="tc_02" duration-ms="11817" started-at="2017-10-29T13:16:17Z" finished-at="2017-10-29T13:16:29Z">
          <reporter-output>
          </reporter-output>
        </test-method> <!-- tc_02 -->
        <test-method status="PASS" signature="afterMethod(org.testng.ITestResult)[pri:0, instance:com.w2a.architectbatch1.testCases.TestCase1@2362f559]" name="afterMethod" is-config="true" duration-ms="799" started-at="2017-10-29T13:16:29Z" finished-at="2017-10-29T13:16:29Z">
          <params>
            <param index="0">
              <value>
                <![CDATA[[TestResult name=tc_02 status=SUCCESS method=TestCase1.tc_02()[pri:0, instance:com.w2a.architectbatch1.testCases.TestCase1@2362f559] output={null}]]]>
              </value>
            </param>
          </params>
          <reporter-output>
          </reporter-output>
        </test-method> <!-- afterMethod -->
        <test-method status="PASS" signature="afterClass()[pri:0, instance:com.w2a.architectbatch1.testCases.TestCase1@2362f559]" name="afterClass" is-config="true" duration-ms="0" started-at="2017-10-29T13:16:29Z" finished-at="2017-10-29T13:16:29Z">
          <reporter-output>
          </reporter-output>
        </test-method> <!-- afterClass -->
        <test-method status="PASS" signature="afterTest()[pri:0, instance:com.w2a.architectbatch1.testCases.TestCase1@2362f559]" name="afterTest" is-config="true" duration-ms="0" started-at="2017-10-29T13:16:29Z" finished-at="2017-10-29T13:16:29Z">
          <reporter-output>
          </reporter-output>
        </test-method> <!-- afterTest -->
        <test-method status="PASS" signature="tearDown()[pri:0, instance:com.w2a.architectbatch1.testCases.TestCase1@2362f559]" name="tearDown" is-config="true" duration-ms="0" started-at="2017-10-29T13:16:29Z" finished-at="2017-10-29T13:16:29Z">
          <reporter-output>
          </reporter-output>
        </test-method> <!-- tearDown -->
      </class> <!-- com.w2a.architectbatch1.testCases.TestCase1 -->
      <class name="com.w2a.architectbatch1.testCases.TestCase2">
        <test-method status="PASS" signature="beforeClass()[pri:0, instance:com.w2a.architectbatch1.testCases.TestCase2@b2c9a9c]" name="beforeClass" is-config="true" duration-ms="6" started-at="2017-10-29T13:15:45Z" finished-at="2017-10-29T13:15:45Z">
          <reporter-output>
          </reporter-output>
        </test-method> <!-- beforeClass -->
        <test-method status="PASS" signature="beforeMethod(java.lang.reflect.Method)[pri:0, instance:com.w2a.architectbatch1.testCases.TestCase2@b2c9a9c]" name="beforeMethod" is-config="true" duration-ms="18304" started-at="2017-10-29T13:15:45Z" finished-at="2017-10-29T13:16:04Z">
          <params>
            <param index="0">
              <value>
                <![CDATA[public void com.w2a.architectbatch1.testCases.TestCase2.tc_03()]]>
              </value>
            </param>
          </params>
          <reporter-output>
          </reporter-output>
        </test-method> <!-- beforeMethod -->
        <test-method status="PASS" signature="tc_03()[pri:0, instance:com.w2a.architectbatch1.testCases.TestCase2@b2c9a9c]" name="tc_03" duration-ms="14907" started-at="2017-10-29T13:16:04Z" finished-at="2017-10-29T13:16:18Z">
          <reporter-output>
          </reporter-output>
        </test-method> <!-- tc_03 -->
        <test-method status="PASS" signature="afterMethod(org.testng.ITestResult)[pri:0, instance:com.w2a.architectbatch1.testCases.TestCase2@b2c9a9c]" name="afterMethod" is-config="true" duration-ms="1032" started-at="2017-10-29T13:16:18Z" finished-at="2017-10-29T13:16:19Z">
          <params>
            <param index="0">
              <value>
                <![CDATA[[TestResult name=tc_03 status=SUCCESS method=TestCase2.tc_03()[pri:0, instance:com.w2a.architectbatch1.testCases.TestCase2@b2c9a9c] output={null}]]]>
              </value>
            </param>
          </params>
          <reporter-output>
          </reporter-output>
        </test-method> <!-- afterMethod -->
        <test-method status="PASS" signature="afterClass()[pri:0, instance:com.w2a.architectbatch1.testCases.TestCase2@b2c9a9c]" name="afterClass" is-config="true" duration-ms="0" started-at="2017-10-29T13:16:19Z" finished-at="2017-10-29T13:16:19Z">
          <reporter-output>
          </reporter-output>
        </test-method> <!-- afterClass -->
      </class> <!-- com.w2a.architectbatch1.testCases.TestCase2 -->
    </test> <!-- Test -->
  </suite> <!-- Suite -->
</testng-results>
