<?xml version="1.0" encoding="UTF-8"?>
<testng-results skipped="0" failed="1" ignored="4" total="5" passed="0">
  <reporter-output>
  </reporter-output>
  <suite name="Suite" duration-ms="16926" started-at="2017-11-04T08:04:54Z" finished-at="2017-11-04T08:05:11Z">
    <groups>
    </groups>
    <test name="Test" duration-ms="16926" started-at="2017-11-04T08:04:54Z" finished-at="2017-11-04T08:05:11Z">
      <class name="com.w2a.architectbatch1.testCases.TestCase1">
        <test-method status="PASS" signature="setUp()[pri:0, instance:com.w2a.architectbatch1.testCases.TestCase1@2362f559]" name="setUp" is-config="true" duration-ms="395" started-at="2017-11-04T13:34:54Z" finished-at="2017-11-04T13:34:54Z">
          <reporter-output>
          </reporter-output>
        </test-method> <!-- setUp -->
        <test-method status="PASS" signature="beforeTest()[pri:0, instance:com.w2a.architectbatch1.testCases.TestCase1@2362f559]" name="beforeTest" is-config="true" duration-ms="0" started-at="2017-11-04T13:34:55Z" finished-at="2017-11-04T13:34:55Z">
          <reporter-output>
          </reporter-output>
        </test-method> <!-- beforeTest -->
        <test-method status="PASS" signature="beforeClass()[pri:0, instance:com.w2a.architectbatch1.testCases.TestCase1@2362f559]" name="beforeClass" is-config="true" duration-ms="6" started-at="2017-11-04T13:34:55Z" finished-at="2017-11-04T13:34:55Z">
          <reporter-output>
          </reporter-output>
        </test-method> <!-- beforeClass -->
        <test-method status="PASS" signature="beforeMethod(java.lang.reflect.Method)[pri:0, instance:com.w2a.architectbatch1.testCases.TestCase1@2362f559]" name="beforeMethod" is-config="true" duration-ms="11803" started-at="2017-11-04T13:34:55Z" finished-at="2017-11-04T13:35:06Z">
          <params>
            <param index="0">
              <value>
                <![CDATA[public void com.w2a.architectbatch1.testCases.TestCase1.tc_02()]]>
              </value>
            </param>
          </params>
          <reporter-output>
          </reporter-output>
        </test-method> <!-- beforeMethod -->
        <test-method status="FAIL" signature="tc_02()[pri:0, instance:com.w2a.architectbatch1.testCases.TestCase1@2362f559]" name="tc_02" duration-ms="3425" started-at="2017-11-04T13:35:06Z" finished-at="2017-11-04T13:35:10Z">
          <exception class="java.lang.NullPointerException">
            <full-stacktrace>
              <![CDATA[java.lang.NullPointerException
	at org.openqa.selenium.support.ui.FluentWait.until(FluentWait.java:238)
	at com.w2a.architectbatch1.Pages.BasePage.waitForPageToLoad(BasePage.java:50)
	at com.w2a.architectbatch1.Pages.BasePage.openPage(BasePage.java:39)
	at com.w2a.architectbatch1.Pages.FacebookHomePage.open(FacebookHomePage.java:10)
	at com.w2a.architectbatch1.Pages.FacebookLandingPage.doLoginWithValidCredentials(FacebookLandingPage.java:36)
	at com.w2a.architectbatch1.testCases.TestCase1.tc_02(TestCase1.java:32)
	at sun.reflect.NativeMethodAccessorImpl.invoke0(Native Method)
	at sun.reflect.NativeMethodAccessorImpl.invoke(Unknown Source)
	at sun.reflect.DelegatingMethodAccessorImpl.invoke(Unknown Source)
	at java.lang.reflect.Method.invoke(Unknown Source)
	at org.testng.internal.MethodInvocationHelper.invokeMethod(MethodInvocationHelper.java:108)
	at org.testng.internal.Invoker.invokeMethod(Invoker.java:669)
	at org.testng.internal.Invoker.invokeTestMethod(Invoker.java:877)
	at org.testng.internal.Invoker.invokeTestMethods(Invoker.java:1201)
	at org.testng.internal.TestMethodWorker.invokeTestMethods(TestMethodWorker.java:125)
	at org.testng.internal.TestMethodWorker.run(TestMethodWorker.java:109)
	at java.util.concurrent.ThreadPoolExecutor.runWorker(Unknown Source)
	at java.util.concurrent.ThreadPoolExecutor$Worker.run(Unknown Source)
	at java.lang.Thread.run(Unknown Source)
]]>
            </full-stacktrace>
          </exception> <!-- java.lang.NullPointerException -->
          <reporter-output>
          </reporter-output>
        </test-method> <!-- tc_02 -->
        <test-method status="PASS" signature="afterMethod(org.testng.ITestResult)[pri:0, instance:com.w2a.architectbatch1.testCases.TestCase1@2362f559]" name="afterMethod" is-config="true" duration-ms="1651" started-at="2017-11-04T13:35:10Z" finished-at="2017-11-04T13:35:11Z">
          <params>
            <param index="0">
              <value>
                <![CDATA[[TestResult name=tc_02 status=FAILURE method=TestCase1.tc_02()[pri:0, instance:com.w2a.architectbatch1.testCases.TestCase1@2362f559] output={null}]]]>
              </value>
            </param>
          </params>
          <reporter-output>
          </reporter-output>
        </test-method> <!-- afterMethod -->
        <test-method status="PASS" signature="afterClass()[pri:0, instance:com.w2a.architectbatch1.testCases.TestCase1@2362f559]" name="afterClass" is-config="true" duration-ms="0" started-at="2017-11-04T13:35:11Z" finished-at="2017-11-04T13:35:11Z">
          <reporter-output>
          </reporter-output>
        </test-method> <!-- afterClass -->
        <test-method status="PASS" signature="afterTest()[pri:0, instance:com.w2a.architectbatch1.testCases.TestCase1@2362f559]" name="afterTest" is-config="true" duration-ms="0" started-at="2017-11-04T13:35:11Z" finished-at="2017-11-04T13:35:11Z">
          <reporter-output>
          </reporter-output>
        </test-method> <!-- afterTest -->
        <test-method status="PASS" signature="tearDown()[pri:0, instance:com.w2a.architectbatch1.testCases.TestCase1@2362f559]" name="tearDown" is-config="true" duration-ms="0" started-at="2017-11-04T13:35:11Z" finished-at="2017-11-04T13:35:11Z">
          <reporter-output>
          </reporter-output>
        </test-method> <!-- tearDown -->
      </class> <!-- com.w2a.architectbatch1.testCases.TestCase1 -->
    </test> <!-- Test -->
  </suite> <!-- Suite -->
</testng-results>
